2018-02-18 15:13:28,029:INFO: Creating the datasets...
2018-02-18 17:11:29,873:INFO: Creating the datasets...
2018-02-22 19:52:46,954:INFO: Creating the datasets...
2018-02-22 19:59:13,113:INFO: Creating the datasets...
2018-02-22 19:59:41,864:INFO: Creating the datasets...
2018-02-22 20:00:43,784:INFO: Creating the datasets...
2018-02-22 20:08:49,104:INFO: Creating the datasets...
2018-02-22 20:08:49,525:INFO: Creating the model...
2018-02-22 20:10:20,470:INFO: Creating the datasets...
2018-02-22 20:10:20,925:INFO: Creating the model...
2018-02-22 20:10:56,198:INFO: Creating the datasets...
2018-02-22 20:10:56,630:INFO: Creating the model...
2018-02-22 20:14:13,725:INFO: Creating the datasets...
2018-02-22 20:14:14,179:INFO: Creating the model...
2018-02-22 20:18:27,071:INFO: Creating the datasets...
2018-02-22 20:18:27,508:INFO: Creating the model...
2018-02-22 20:18:47,285:INFO: Creating the datasets...
2018-02-22 20:18:47,734:INFO: Creating the model...
2018-02-22 20:29:54,471:INFO: Creating the datasets...
2018-02-22 20:29:54,924:INFO: Creating the model...
2018-02-22 20:30:46,329:INFO: Creating the datasets...
2018-02-22 20:30:46,808:INFO: Creating the model...
2018-02-22 20:31:22,767:INFO: Creating the datasets...
2018-02-22 20:31:23,220:INFO: Creating the model...
2018-02-22 20:36:43,282:INFO: Creating the datasets...
2018-02-22 20:36:43,734:INFO: Creating the model...
2018-02-22 20:45:53,992:INFO: Creating the datasets...
2018-02-22 20:46:09,622:INFO: Creating the datasets...
2018-02-22 20:46:58,207:INFO: Creating the datasets...
2018-02-22 20:47:23,993:INFO: Creating the datasets...
2018-02-22 20:47:24,425:INFO: Creating the model...
2018-02-22 20:49:35,886:INFO: Creating the datasets...
2018-02-22 20:49:36,408:INFO: Creating the model...
2018-02-22 20:51:58,611:INFO: Creating the datasets...
2018-02-22 20:51:59,069:INFO: Creating the model...
2018-02-22 20:53:39,169:INFO: Creating the datasets...
2018-02-22 20:53:39,644:INFO: Creating the model...
2018-02-22 20:59:35,133:INFO: Creating the datasets...
2018-02-22 20:59:35,620:INFO: Creating the model...
2018-02-22 21:00:32,750:INFO: Creating the datasets...
2018-02-22 21:00:33,192:INFO: Creating the model...
2018-02-22 21:01:33,592:INFO: Creating the datasets...
2018-02-22 21:01:34,110:INFO: Creating the model...
2018-02-22 21:02:00,638:INFO: Creating the datasets...
2018-02-22 21:02:01,137:INFO: Creating the model...
2018-02-22 21:02:53,788:INFO: Creating the datasets...
2018-02-22 21:02:54,228:INFO: Creating the model...
2018-02-22 21:04:23,531:INFO: Creating the datasets...
2018-02-22 21:04:24,028:INFO: Creating the model...
2018-02-22 21:04:53,402:INFO: Creating the datasets...
2018-02-22 21:04:53,850:INFO: Creating the model...
2018-02-22 21:05:39,735:INFO: Creating the datasets...
2018-02-22 21:05:40,213:INFO: Creating the model...
2018-02-22 21:06:38,404:INFO: Creating the datasets...
2018-02-22 21:06:38,827:INFO: Creating the model...
2018-02-22 21:07:10,179:INFO: Creating the datasets...
2018-02-22 21:07:10,635:INFO: Creating the model...
2018-02-22 21:09:30,084:INFO: Creating the datasets...
2018-02-22 21:09:30,507:INFO: Creating the model...
2018-02-22 21:10:45,620:INFO: Creating the datasets...
2018-02-22 21:10:46,076:INFO: Creating the model...
2018-02-22 21:11:43,927:INFO: Creating the datasets...
2018-02-22 21:11:44,388:INFO: Creating the model...
2018-02-22 21:12:21,343:INFO: Creating the datasets...
2018-02-22 21:12:21,786:INFO: Creating the model...
2018-02-22 21:20:26,033:INFO: Creating the datasets...
2018-02-22 21:20:26,499:INFO: Creating the model...
2018-02-22 21:21:36,797:INFO: Creating the datasets...
2018-02-22 21:21:37,297:INFO: Creating the model...
2018-02-22 21:25:05,440:INFO: Creating the datasets...
2018-02-22 21:25:05,905:INFO: Creating the model...
2018-02-22 21:26:12,786:INFO: Creating the datasets...
2018-02-22 21:26:13,231:INFO: Creating the model...
2018-02-22 21:30:10,077:INFO: Creating the datasets...
2018-02-22 21:30:10,542:INFO: Creating the model...
2018-02-22 21:30:45,340:INFO: Creating the datasets...
2018-02-22 21:30:45,816:INFO: Creating the model...
2018-02-22 21:31:51,621:INFO: Creating the datasets...
2018-02-22 21:31:52,048:INFO: Creating the model...
2018-02-22 21:34:41,156:INFO: Creating the datasets...
2018-02-22 21:34:41,619:INFO: Creating the model...
2018-02-22 21:36:32,170:INFO: Creating the datasets...
2018-02-22 21:36:32,616:INFO: Creating the model...
2018-02-22 21:38:19,286:INFO: Creating the datasets...
2018-02-22 21:38:19,739:INFO: Creating the model...
2018-02-22 21:38:20,744:INFO: Summary name incorrectly_labeled_Tensor("ArgMax_4:0", shape=(?,), dtype=int64) is illegal; using incorrectly_labeled_Tensor__ArgMax_4_0___shape_______dtype_int64_ instead.
2018-02-22 21:38:20,784:INFO: Summary name incorrectly_labeled_Tensor("ArgMax_6:0", shape=(?,), dtype=int64) is illegal; using incorrectly_labeled_Tensor__ArgMax_6_0___shape_______dtype_int64_ instead.
2018-02-22 21:38:20,804:INFO: Summary name incorrectly_labeled_Tensor("ArgMax_8:0", shape=(?,), dtype=int64) is illegal; using incorrectly_labeled_Tensor__ArgMax_8_0___shape_______dtype_int64_ instead.
2018-02-22 21:38:20,832:INFO: Summary name incorrectly_labeled_Tensor("ArgMax_10:0", shape=(?,), dtype=int64) is illegal; using incorrectly_labeled_Tensor__ArgMax_10_0___shape_______dtype_int64_ instead.
2018-02-22 21:38:20,872:INFO: Summary name incorrectly_labeled_Tensor("ArgMax_12:0", shape=(?,), dtype=int64) is illegal; using incorrectly_labeled_Tensor__ArgMax_12_0___shape_______dtype_int64_ instead.
2018-02-22 21:38:21,021:INFO: Summary name incorrectly_labeled_Tensor("ArgMax_17:0", shape=(?,), dtype=int64) is illegal; using incorrectly_labeled_Tensor__ArgMax_17_0___shape_______dtype_int64_ instead.
2018-02-22 21:38:21,042:INFO: Summary name incorrectly_labeled_Tensor("ArgMax_19:0", shape=(?,), dtype=int64) is illegal; using incorrectly_labeled_Tensor__ArgMax_19_0___shape_______dtype_int64_ instead.
2018-02-22 21:38:21,082:INFO: Summary name incorrectly_labeled_Tensor("ArgMax_21:0", shape=(?,), dtype=int64) is illegal; using incorrectly_labeled_Tensor__ArgMax_21_0___shape_______dtype_int64_ instead.
2018-02-22 21:38:21,101:INFO: Summary name incorrectly_labeled_Tensor("ArgMax_23:0", shape=(?,), dtype=int64) is illegal; using incorrectly_labeled_Tensor__ArgMax_23_0___shape_______dtype_int64_ instead.
2018-02-22 21:38:21,121:INFO: Summary name incorrectly_labeled_Tensor("ArgMax_25:0", shape=(?,), dtype=int64) is illegal; using incorrectly_labeled_Tensor__ArgMax_25_0___shape_______dtype_int64_ instead.
2018-02-22 21:38:21,125:INFO: Starting training for 10 epoch(s)
2018-02-22 21:38:24,766:INFO: Epoch 1/10
2018-02-22 21:41:11,411:INFO: Creating the datasets...
2018-02-22 21:41:11,832:INFO: Creating the model...
2018-02-22 21:41:12,930:INFO: Summary name incorrectly_labeled_Tensor("ArgMax_4:0", shape=(?,), dtype=int64) is illegal; using incorrectly_labeled_Tensor__ArgMax_4_0___shape_______dtype_int64_ instead.
2018-02-22 21:41:12,972:INFO: Summary name incorrectly_labeled_Tensor("ArgMax_6:0", shape=(?,), dtype=int64) is illegal; using incorrectly_labeled_Tensor__ArgMax_6_0___shape_______dtype_int64_ instead.
2018-02-22 21:41:12,994:INFO: Summary name incorrectly_labeled_Tensor("ArgMax_8:0", shape=(?,), dtype=int64) is illegal; using incorrectly_labeled_Tensor__ArgMax_8_0___shape_______dtype_int64_ instead.
2018-02-22 21:41:13,016:INFO: Summary name incorrectly_labeled_Tensor("ArgMax_10:0", shape=(?,), dtype=int64) is illegal; using incorrectly_labeled_Tensor__ArgMax_10_0___shape_______dtype_int64_ instead.
2018-02-22 21:41:13,037:INFO: Summary name incorrectly_labeled_Tensor("ArgMax_12:0", shape=(?,), dtype=int64) is illegal; using incorrectly_labeled_Tensor__ArgMax_12_0___shape_______dtype_int64_ instead.
2018-02-22 21:41:13,202:INFO: Summary name incorrectly_labeled_Tensor("ArgMax_17:0", shape=(?,), dtype=int64) is illegal; using incorrectly_labeled_Tensor__ArgMax_17_0___shape_______dtype_int64_ instead.
2018-02-22 21:41:13,225:INFO: Summary name incorrectly_labeled_Tensor("ArgMax_19:0", shape=(?,), dtype=int64) is illegal; using incorrectly_labeled_Tensor__ArgMax_19_0___shape_______dtype_int64_ instead.
2018-02-22 21:41:13,266:INFO: Summary name incorrectly_labeled_Tensor("ArgMax_21:0", shape=(?,), dtype=int64) is illegal; using incorrectly_labeled_Tensor__ArgMax_21_0___shape_______dtype_int64_ instead.
2018-02-22 21:41:13,289:INFO: Summary name incorrectly_labeled_Tensor("ArgMax_23:0", shape=(?,), dtype=int64) is illegal; using incorrectly_labeled_Tensor__ArgMax_23_0___shape_______dtype_int64_ instead.
2018-02-22 21:41:13,311:INFO: Summary name incorrectly_labeled_Tensor("ArgMax_25:0", shape=(?,), dtype=int64) is illegal; using incorrectly_labeled_Tensor__ArgMax_25_0___shape_______dtype_int64_ instead.
2018-02-22 21:41:13,315:INFO: Starting training for 10 epoch(s)
2018-02-22 21:41:16,286:INFO: Epoch 1/10
2018-02-22 21:41:43,440:INFO: Creating the datasets...
2018-02-22 21:41:43,874:INFO: Creating the model...
2018-02-22 21:41:44,739:INFO: Summary name incorrectly_labeled_Tensor("ArgMax_4:0", shape=(?,), dtype=int64) is illegal; using incorrectly_labeled_Tensor__ArgMax_4_0___shape_______dtype_int64_ instead.
2018-02-22 21:41:44,782:INFO: Summary name incorrectly_labeled_Tensor("ArgMax_6:0", shape=(?,), dtype=int64) is illegal; using incorrectly_labeled_Tensor__ArgMax_6_0___shape_______dtype_int64_ instead.
2018-02-22 21:41:44,804:INFO: Summary name incorrectly_labeled_Tensor("ArgMax_8:0", shape=(?,), dtype=int64) is illegal; using incorrectly_labeled_Tensor__ArgMax_8_0___shape_______dtype_int64_ instead.
2018-02-22 21:41:44,826:INFO: Summary name incorrectly_labeled_Tensor("ArgMax_10:0", shape=(?,), dtype=int64) is illegal; using incorrectly_labeled_Tensor__ArgMax_10_0___shape_______dtype_int64_ instead.
2018-02-22 21:41:44,868:INFO: Summary name incorrectly_labeled_Tensor("ArgMax_12:0", shape=(?,), dtype=int64) is illegal; using incorrectly_labeled_Tensor__ArgMax_12_0___shape_______dtype_int64_ instead.
2018-02-22 21:41:45,011:INFO: Summary name incorrectly_labeled_Tensor("ArgMax_17:0", shape=(?,), dtype=int64) is illegal; using incorrectly_labeled_Tensor__ArgMax_17_0___shape_______dtype_int64_ instead.
2018-02-22 21:41:45,035:INFO: Summary name incorrectly_labeled_Tensor("ArgMax_19:0", shape=(?,), dtype=int64) is illegal; using incorrectly_labeled_Tensor__ArgMax_19_0___shape_______dtype_int64_ instead.
2018-02-22 21:41:45,078:INFO: Summary name incorrectly_labeled_Tensor("ArgMax_21:0", shape=(?,), dtype=int64) is illegal; using incorrectly_labeled_Tensor__ArgMax_21_0___shape_______dtype_int64_ instead.
2018-02-22 21:41:45,101:INFO: Summary name incorrectly_labeled_Tensor("ArgMax_23:0", shape=(?,), dtype=int64) is illegal; using incorrectly_labeled_Tensor__ArgMax_23_0___shape_______dtype_int64_ instead.
2018-02-22 21:41:45,123:INFO: Summary name incorrectly_labeled_Tensor("ArgMax_25:0", shape=(?,), dtype=int64) is illegal; using incorrectly_labeled_Tensor__ArgMax_25_0___shape_______dtype_int64_ instead.
2018-02-22 21:41:45,127:INFO: Starting training for 10 epoch(s)
2018-02-22 21:41:48,378:INFO: Epoch 1/10
2018-02-22 21:48:54,541:INFO: Creating the datasets...
2018-02-22 21:48:55,024:INFO: Creating the model...
2018-02-22 21:48:56,165:INFO: Summary name incorrectly_labeled_Tensor("ArgMax_4:0", shape=(?,), dtype=int64) is illegal; using incorrectly_labeled_Tensor__ArgMax_4_0___shape_______dtype_int64_ instead.
2018-02-22 21:48:56,190:INFO: Summary name incorrectly_labeled_Tensor("ArgMax_6:0", shape=(?,), dtype=int64) is illegal; using incorrectly_labeled_Tensor__ArgMax_6_0___shape_______dtype_int64_ instead.
2018-02-22 21:48:56,212:INFO: Summary name incorrectly_labeled_Tensor("ArgMax_8:0", shape=(?,), dtype=int64) is illegal; using incorrectly_labeled_Tensor__ArgMax_8_0___shape_______dtype_int64_ instead.
2018-02-22 21:48:56,232:INFO: Summary name incorrectly_labeled_Tensor("ArgMax_10:0", shape=(?,), dtype=int64) is illegal; using incorrectly_labeled_Tensor__ArgMax_10_0___shape_______dtype_int64_ instead.
2018-02-22 21:48:56,271:INFO: Summary name incorrectly_labeled_Tensor("ArgMax_12:0", shape=(?,), dtype=int64) is illegal; using incorrectly_labeled_Tensor__ArgMax_12_0___shape_______dtype_int64_ instead.
2018-02-22 21:48:56,408:INFO: Summary name incorrectly_labeled_Tensor("ArgMax_17:0", shape=(?,), dtype=int64) is illegal; using incorrectly_labeled_Tensor__ArgMax_17_0___shape_______dtype_int64_ instead.
2018-02-22 21:48:56,430:INFO: Summary name incorrectly_labeled_Tensor("ArgMax_19:0", shape=(?,), dtype=int64) is illegal; using incorrectly_labeled_Tensor__ArgMax_19_0___shape_______dtype_int64_ instead.
2018-02-22 21:48:56,472:INFO: Summary name incorrectly_labeled_Tensor("ArgMax_21:0", shape=(?,), dtype=int64) is illegal; using incorrectly_labeled_Tensor__ArgMax_21_0___shape_______dtype_int64_ instead.
2018-02-22 21:48:56,494:INFO: Summary name incorrectly_labeled_Tensor("ArgMax_23:0", shape=(?,), dtype=int64) is illegal; using incorrectly_labeled_Tensor__ArgMax_23_0___shape_______dtype_int64_ instead.
2018-02-22 21:48:56,515:INFO: Summary name incorrectly_labeled_Tensor("ArgMax_25:0", shape=(?,), dtype=int64) is illegal; using incorrectly_labeled_Tensor__ArgMax_25_0___shape_______dtype_int64_ instead.
2018-02-22 21:48:56,519:INFO: Starting training for 10 epoch(s)
2018-02-22 21:48:59,586:INFO: Epoch 1/10
2018-02-22 21:49:18,771:INFO: Creating the datasets...
2018-02-22 21:49:19,231:INFO: Creating the model...
2018-02-22 21:49:20,106:INFO: Summary name incorrectly_labeled_Tensor("ArgMax_4:0", shape=(?,), dtype=int64) is illegal; using incorrectly_labeled_Tensor__ArgMax_4_0___shape_______dtype_int64_ instead.
2018-02-22 21:49:20,128:INFO: Summary name incorrectly_labeled_Tensor("ArgMax_6:0", shape=(?,), dtype=int64) is illegal; using incorrectly_labeled_Tensor__ArgMax_6_0___shape_______dtype_int64_ instead.
2018-02-22 21:49:20,171:INFO: Summary name incorrectly_labeled_Tensor("ArgMax_8:0", shape=(?,), dtype=int64) is illegal; using incorrectly_labeled_Tensor__ArgMax_8_0___shape_______dtype_int64_ instead.
2018-02-22 21:49:20,193:INFO: Summary name incorrectly_labeled_Tensor("ArgMax_10:0", shape=(?,), dtype=int64) is illegal; using incorrectly_labeled_Tensor__ArgMax_10_0___shape_______dtype_int64_ instead.
2018-02-22 21:49:20,215:INFO: Summary name incorrectly_labeled_Tensor("ArgMax_12:0", shape=(?,), dtype=int64) is illegal; using incorrectly_labeled_Tensor__ArgMax_12_0___shape_______dtype_int64_ instead.
2018-02-22 21:49:20,378:INFO: Summary name incorrectly_labeled_Tensor("ArgMax_17:0", shape=(?,), dtype=int64) is illegal; using incorrectly_labeled_Tensor__ArgMax_17_0___shape_______dtype_int64_ instead.
2018-02-22 21:49:20,401:INFO: Summary name incorrectly_labeled_Tensor("ArgMax_19:0", shape=(?,), dtype=int64) is illegal; using incorrectly_labeled_Tensor__ArgMax_19_0___shape_______dtype_int64_ instead.
2018-02-22 21:49:20,424:INFO: Summary name incorrectly_labeled_Tensor("ArgMax_21:0", shape=(?,), dtype=int64) is illegal; using incorrectly_labeled_Tensor__ArgMax_21_0___shape_______dtype_int64_ instead.
2018-02-22 21:49:20,467:INFO: Summary name incorrectly_labeled_Tensor("ArgMax_23:0", shape=(?,), dtype=int64) is illegal; using incorrectly_labeled_Tensor__ArgMax_23_0___shape_______dtype_int64_ instead.
2018-02-22 21:49:20,490:INFO: Summary name incorrectly_labeled_Tensor("ArgMax_25:0", shape=(?,), dtype=int64) is illegal; using incorrectly_labeled_Tensor__ArgMax_25_0___shape_______dtype_int64_ instead.
2018-02-22 21:49:20,494:INFO: Starting training for 10 epoch(s)
2018-02-22 21:49:23,783:INFO: Epoch 1/10
2018-02-22 21:53:44,086:INFO: Creating the datasets...
2018-02-22 21:53:44,521:INFO: Creating the model...
2018-02-22 21:53:45,587:INFO: Summary name incorrectly_labeled_Tensor("ArgMax_4:0", shape=(?,), dtype=int64) is illegal; using incorrectly_labeled_Tensor__ArgMax_4_0___shape_______dtype_int64_ instead.
2018-02-22 21:53:45,608:INFO: Summary name incorrectly_labeled_Tensor("ArgMax_6:0", shape=(?,), dtype=int64) is illegal; using incorrectly_labeled_Tensor__ArgMax_6_0___shape_______dtype_int64_ instead.
2018-02-22 21:53:45,629:INFO: Summary name incorrectly_labeled_Tensor("ArgMax_8:0", shape=(?,), dtype=int64) is illegal; using incorrectly_labeled_Tensor__ArgMax_8_0___shape_______dtype_int64_ instead.
2018-02-22 21:53:45,671:INFO: Summary name incorrectly_labeled_Tensor("ArgMax_10:0", shape=(?,), dtype=int64) is illegal; using incorrectly_labeled_Tensor__ArgMax_10_0___shape_______dtype_int64_ instead.
2018-02-22 21:53:45,692:INFO: Summary name incorrectly_labeled_Tensor("ArgMax_12:0", shape=(?,), dtype=int64) is illegal; using incorrectly_labeled_Tensor__ArgMax_12_0___shape_______dtype_int64_ instead.
2018-02-22 21:53:45,826:INFO: Summary name incorrectly_labeled_Tensor("ArgMax_17:0", shape=(?,), dtype=int64) is illegal; using incorrectly_labeled_Tensor__ArgMax_17_0___shape_______dtype_int64_ instead.
2018-02-22 21:53:45,870:INFO: Summary name incorrectly_labeled_Tensor("ArgMax_19:0", shape=(?,), dtype=int64) is illegal; using incorrectly_labeled_Tensor__ArgMax_19_0___shape_______dtype_int64_ instead.
2018-02-22 21:53:45,891:INFO: Summary name incorrectly_labeled_Tensor("ArgMax_21:0", shape=(?,), dtype=int64) is illegal; using incorrectly_labeled_Tensor__ArgMax_21_0___shape_______dtype_int64_ instead.
2018-02-22 21:53:45,913:INFO: Summary name incorrectly_labeled_Tensor("ArgMax_23:0", shape=(?,), dtype=int64) is illegal; using incorrectly_labeled_Tensor__ArgMax_23_0___shape_______dtype_int64_ instead.
2018-02-22 21:53:45,936:INFO: Summary name incorrectly_labeled_Tensor("ArgMax_25:0", shape=(?,), dtype=int64) is illegal; using incorrectly_labeled_Tensor__ArgMax_25_0___shape_______dtype_int64_ instead.
2018-02-22 21:53:45,940:INFO: Starting training for 10 epoch(s)
2018-02-22 21:53:49,183:INFO: Epoch 1/10
2018-02-22 21:55:58,187:INFO: Creating the datasets...
2018-02-22 21:55:58,650:INFO: Creating the model...
2018-02-22 21:55:59,780:INFO: Summary name incorrectly_labeled_Tensor("ArgMax_4:0", shape=(?,), dtype=int64) is illegal; using incorrectly_labeled_Tensor__ArgMax_4_0___shape_______dtype_int64_ instead.
2018-02-22 21:55:59,801:INFO: Summary name incorrectly_labeled_Tensor("ArgMax_6:0", shape=(?,), dtype=int64) is illegal; using incorrectly_labeled_Tensor__ArgMax_6_0___shape_______dtype_int64_ instead.
2018-02-22 21:55:59,824:INFO: Summary name incorrectly_labeled_Tensor("ArgMax_8:0", shape=(?,), dtype=int64) is illegal; using incorrectly_labeled_Tensor__ArgMax_8_0___shape_______dtype_int64_ instead.
2018-02-22 21:55:59,866:INFO: Summary name incorrectly_labeled_Tensor("ArgMax_10:0", shape=(?,), dtype=int64) is illegal; using incorrectly_labeled_Tensor__ArgMax_10_0___shape_______dtype_int64_ instead.
2018-02-22 21:55:59,889:INFO: Summary name incorrectly_labeled_Tensor("ArgMax_12:0", shape=(?,), dtype=int64) is illegal; using incorrectly_labeled_Tensor__ArgMax_12_0___shape_______dtype_int64_ instead.
2018-02-22 21:56:00,030:INFO: Summary name incorrectly_labeled_Tensor("ArgMax_17:0", shape=(?,), dtype=int64) is illegal; using incorrectly_labeled_Tensor__ArgMax_17_0___shape_______dtype_int64_ instead.
2018-02-22 21:56:00,073:INFO: Summary name incorrectly_labeled_Tensor("ArgMax_19:0", shape=(?,), dtype=int64) is illegal; using incorrectly_labeled_Tensor__ArgMax_19_0___shape_______dtype_int64_ instead.
2018-02-22 21:56:00,094:INFO: Summary name incorrectly_labeled_Tensor("ArgMax_21:0", shape=(?,), dtype=int64) is illegal; using incorrectly_labeled_Tensor__ArgMax_21_0___shape_______dtype_int64_ instead.
2018-02-22 21:56:00,117:INFO: Summary name incorrectly_labeled_Tensor("ArgMax_23:0", shape=(?,), dtype=int64) is illegal; using incorrectly_labeled_Tensor__ArgMax_23_0___shape_______dtype_int64_ instead.
2018-02-22 21:56:00,139:INFO: Summary name incorrectly_labeled_Tensor("ArgMax_25:0", shape=(?,), dtype=int64) is illegal; using incorrectly_labeled_Tensor__ArgMax_25_0___shape_______dtype_int64_ instead.
2018-02-22 21:56:00,143:INFO: Starting training for 10 epoch(s)
2018-02-22 21:56:03,383:INFO: Epoch 1/10
2018-02-22 22:19:07,042:INFO: Creating the datasets...
2018-02-22 22:19:07,502:INFO: Creating the model...
2018-02-22 22:19:08,635:INFO: Summary name incorrectly_labeled_Tensor("ArgMax:0", shape=(?,), dtype=int64) is illegal; using incorrectly_labeled_Tensor__ArgMax_0___shape_______dtype_int64_ instead.
2018-02-22 22:19:08,673:INFO: Summary name incorrectly_labeled_Tensor("ArgMax:0", shape=(?,), dtype=int64) is illegal; using incorrectly_labeled_Tensor__ArgMax_0___shape_______dtype_int64_ instead.
2018-02-22 22:19:08,693:INFO: Summary name incorrectly_labeled_Tensor("ArgMax:0", shape=(?,), dtype=int64) is illegal; using incorrectly_labeled_Tensor__ArgMax_0___shape_______dtype_int64_ instead.
2018-02-22 22:19:08,711:INFO: Summary name incorrectly_labeled_Tensor("ArgMax:0", shape=(?,), dtype=int64) is illegal; using incorrectly_labeled_Tensor__ArgMax_0___shape_______dtype_int64_ instead.
2018-02-22 22:19:08,727:INFO: Summary name incorrectly_labeled_Tensor("ArgMax:0", shape=(?,), dtype=int64) is illegal; using incorrectly_labeled_Tensor__ArgMax_0___shape_______dtype_int64_ instead.
2018-02-22 22:19:08,874:INFO: Summary name incorrectly_labeled_Tensor("ArgMax_1:0", shape=(?,), dtype=int64) is illegal; using incorrectly_labeled_Tensor__ArgMax_1_0___shape_______dtype_int64_ instead.
2018-02-22 22:19:08,894:INFO: Summary name incorrectly_labeled_Tensor("ArgMax_1:0", shape=(?,), dtype=int64) is illegal; using incorrectly_labeled_Tensor__ArgMax_1_0___shape_______dtype_int64_ instead.
2018-02-22 22:19:08,912:INFO: Summary name incorrectly_labeled_Tensor("ArgMax_1:0", shape=(?,), dtype=int64) is illegal; using incorrectly_labeled_Tensor__ArgMax_1_0___shape_______dtype_int64_ instead.
2018-02-22 22:19:08,930:INFO: Summary name incorrectly_labeled_Tensor("ArgMax_1:0", shape=(?,), dtype=int64) is illegal; using incorrectly_labeled_Tensor__ArgMax_1_0___shape_______dtype_int64_ instead.
2018-02-22 22:19:08,966:INFO: Summary name incorrectly_labeled_Tensor("ArgMax_1:0", shape=(?,), dtype=int64) is illegal; using incorrectly_labeled_Tensor__ArgMax_1_0___shape_______dtype_int64_ instead.
2018-02-22 22:19:08,970:INFO: Starting training for 10 epoch(s)
2018-02-22 22:19:11,883:INFO: Epoch 1/10
2018-02-22 22:53:13,213:INFO: Creating the datasets...
2018-02-22 22:53:13,702:INFO: Creating the model...
2018-02-22 22:53:33,053:INFO: Creating the datasets...
2018-02-22 22:53:33,509:INFO: Creating the model...
2018-02-22 22:53:34,708:INFO: Summary name incorrectly_labeled_Tensor("ArgMax:0", shape=(?,), dtype=int64) is illegal; using incorrectly_labeled_Tensor__ArgMax_0___shape_______dtype_int64_ instead.
2018-02-22 22:53:34,728:INFO: Summary name incorrectly_labeled_Tensor("ArgMax:0", shape=(?,), dtype=int64) is illegal; using incorrectly_labeled_Tensor__ArgMax_0___shape_______dtype_int64_ instead.
2018-02-22 22:53:34,767:INFO: Summary name incorrectly_labeled_Tensor("ArgMax:0", shape=(?,), dtype=int64) is illegal; using incorrectly_labeled_Tensor__ArgMax_0___shape_______dtype_int64_ instead.
2018-02-22 22:53:34,787:INFO: Summary name incorrectly_labeled_Tensor("ArgMax:0", shape=(?,), dtype=int64) is illegal; using incorrectly_labeled_Tensor__ArgMax_0___shape_______dtype_int64_ instead.
2018-02-22 22:53:34,807:INFO: Summary name incorrectly_labeled_Tensor("ArgMax:0", shape=(?,), dtype=int64) is illegal; using incorrectly_labeled_Tensor__ArgMax_0___shape_______dtype_int64_ instead.
2018-02-22 22:53:34,966:INFO: Summary name incorrectly_labeled_Tensor("ArgMax_1:0", shape=(?,), dtype=int64) is illegal; using incorrectly_labeled_Tensor__ArgMax_1_0___shape_______dtype_int64_ instead.
2018-02-22 22:53:34,987:INFO: Summary name incorrectly_labeled_Tensor("ArgMax_1:0", shape=(?,), dtype=int64) is illegal; using incorrectly_labeled_Tensor__ArgMax_1_0___shape_______dtype_int64_ instead.
2018-02-22 22:53:35,007:INFO: Summary name incorrectly_labeled_Tensor("ArgMax_1:0", shape=(?,), dtype=int64) is illegal; using incorrectly_labeled_Tensor__ArgMax_1_0___shape_______dtype_int64_ instead.
2018-02-22 22:53:35,026:INFO: Summary name incorrectly_labeled_Tensor("ArgMax_1:0", shape=(?,), dtype=int64) is illegal; using incorrectly_labeled_Tensor__ArgMax_1_0___shape_______dtype_int64_ instead.
2018-02-22 22:53:35,067:INFO: Summary name incorrectly_labeled_Tensor("ArgMax_1:0", shape=(?,), dtype=int64) is illegal; using incorrectly_labeled_Tensor__ArgMax_1_0___shape_______dtype_int64_ instead.
2018-02-22 22:53:35,072:INFO: Starting training for 10 epoch(s)
2018-02-22 22:53:38,582:INFO: Epoch 1/10
2018-02-22 23:00:34,564:INFO: Creating the datasets...
2018-02-22 23:00:35,050:INFO: Creating the model...
2018-02-22 23:00:36,181:INFO: Summary name incorrectly_labeled_Tensor("ArgMax:0", shape=(?,), dtype=int64) is illegal; using incorrectly_labeled_Tensor__ArgMax_0___shape_______dtype_int64_ instead.
2018-02-22 23:00:36,198:INFO: Summary name incorrectly_labeled_Tensor("ArgMax:0", shape=(?,), dtype=int64) is illegal; using incorrectly_labeled_Tensor__ArgMax_0___shape_______dtype_int64_ instead.
2018-02-22 23:00:36,214:INFO: Summary name incorrectly_labeled_Tensor("ArgMax:0", shape=(?,), dtype=int64) is illegal; using incorrectly_labeled_Tensor__ArgMax_0___shape_______dtype_int64_ instead.
2018-02-22 23:00:36,230:INFO: Summary name incorrectly_labeled_Tensor("ArgMax:0", shape=(?,), dtype=int64) is illegal; using incorrectly_labeled_Tensor__ArgMax_0___shape_______dtype_int64_ instead.
2018-02-22 23:00:36,269:INFO: Summary name incorrectly_labeled_Tensor("ArgMax:0", shape=(?,), dtype=int64) is illegal; using incorrectly_labeled_Tensor__ArgMax_0___shape_______dtype_int64_ instead.
2018-02-22 23:00:36,389:INFO: Summary name incorrectly_labeled_Tensor("ArgMax_1:0", shape=(?,), dtype=int64) is illegal; using incorrectly_labeled_Tensor__ArgMax_1_0___shape_______dtype_int64_ instead.
2018-02-22 23:00:36,406:INFO: Summary name incorrectly_labeled_Tensor("ArgMax_1:0", shape=(?,), dtype=int64) is illegal; using incorrectly_labeled_Tensor__ArgMax_1_0___shape_______dtype_int64_ instead.
2018-02-22 23:00:36,422:INFO: Summary name incorrectly_labeled_Tensor("ArgMax_1:0", shape=(?,), dtype=int64) is illegal; using incorrectly_labeled_Tensor__ArgMax_1_0___shape_______dtype_int64_ instead.
2018-02-22 23:00:36,439:INFO: Summary name incorrectly_labeled_Tensor("ArgMax_1:0", shape=(?,), dtype=int64) is illegal; using incorrectly_labeled_Tensor__ArgMax_1_0___shape_______dtype_int64_ instead.
2018-02-22 23:00:36,475:INFO: Summary name incorrectly_labeled_Tensor("ArgMax_1:0", shape=(?,), dtype=int64) is illegal; using incorrectly_labeled_Tensor__ArgMax_1_0___shape_______dtype_int64_ instead.
2018-02-22 23:00:36,479:INFO: Starting training for 10 epoch(s)
2018-02-22 23:00:39,590:INFO: Epoch 1/10
2018-02-22 23:01:06,793:INFO: - Train metrics: loss: 1827.234 ; accuracy: 0.344
2018-02-22 23:04:06,402:INFO: Creating the datasets...
2018-02-22 23:04:06,826:INFO: Creating the model...
2018-02-22 23:04:07,932:INFO: Summary name incorrectly_labeled_Tensor("ArgMax:0", shape=(?,), dtype=int64) is illegal; using incorrectly_labeled_Tensor__ArgMax_0___shape_______dtype_int64_ instead.
2018-02-22 23:04:07,971:INFO: Summary name incorrectly_labeled_Tensor("ArgMax:0", shape=(?,), dtype=int64) is illegal; using incorrectly_labeled_Tensor__ArgMax_0___shape_______dtype_int64_ instead.
2018-02-22 23:04:07,990:INFO: Summary name incorrectly_labeled_Tensor("ArgMax:0", shape=(?,), dtype=int64) is illegal; using incorrectly_labeled_Tensor__ArgMax_0___shape_______dtype_int64_ instead.
2018-02-22 23:04:08,008:INFO: Summary name incorrectly_labeled_Tensor("ArgMax:0", shape=(?,), dtype=int64) is illegal; using incorrectly_labeled_Tensor__ArgMax_0___shape_______dtype_int64_ instead.
2018-02-22 23:04:08,027:INFO: Summary name incorrectly_labeled_Tensor("ArgMax:0", shape=(?,), dtype=int64) is illegal; using incorrectly_labeled_Tensor__ArgMax_0___shape_______dtype_int64_ instead.
2018-02-22 23:04:08,180:INFO: Summary name incorrectly_labeled_Tensor("ArgMax_1:0", shape=(?,), dtype=int64) is illegal; using incorrectly_labeled_Tensor__ArgMax_1_0___shape_______dtype_int64_ instead.
2018-02-22 23:04:08,199:INFO: Summary name incorrectly_labeled_Tensor("ArgMax_1:0", shape=(?,), dtype=int64) is illegal; using incorrectly_labeled_Tensor__ArgMax_1_0___shape_______dtype_int64_ instead.
2018-02-22 23:04:08,217:INFO: Summary name incorrectly_labeled_Tensor("ArgMax_1:0", shape=(?,), dtype=int64) is illegal; using incorrectly_labeled_Tensor__ArgMax_1_0___shape_______dtype_int64_ instead.
2018-02-22 23:04:08,236:INFO: Summary name incorrectly_labeled_Tensor("ArgMax_1:0", shape=(?,), dtype=int64) is illegal; using incorrectly_labeled_Tensor__ArgMax_1_0___shape_______dtype_int64_ instead.
2018-02-22 23:04:08,276:INFO: Summary name incorrectly_labeled_Tensor("ArgMax_1:0", shape=(?,), dtype=int64) is illegal; using incorrectly_labeled_Tensor__ArgMax_1_0___shape_______dtype_int64_ instead.
2018-02-22 23:04:08,280:INFO: Starting training for 10 epoch(s)
2018-02-22 23:04:11,779:INFO: Epoch 1/10
2018-02-22 23:04:38,707:INFO: - Train metrics: loss: 1827.234 ; accuracy: 0.344
2018-02-22 23:07:42,546:INFO: Creating the datasets...
2018-02-22 23:07:43,010:INFO: Creating the model...
2018-02-22 23:07:44,277:INFO: Summary name incorrectly_labeled_Tensor("ArgMax:0", shape=(?,), dtype=int64) is illegal; using incorrectly_labeled_Tensor__ArgMax_0___shape_______dtype_int64_ instead.
2018-02-22 23:07:44,297:INFO: Summary name incorrectly_labeled_Tensor("ArgMax:0", shape=(?,), dtype=int64) is illegal; using incorrectly_labeled_Tensor__ArgMax_0___shape_______dtype_int64_ instead.
2018-02-22 23:07:44,317:INFO: Summary name incorrectly_labeled_Tensor("ArgMax:0", shape=(?,), dtype=int64) is illegal; using incorrectly_labeled_Tensor__ArgMax_0___shape_______dtype_int64_ instead.
2018-02-22 23:07:44,337:INFO: Summary name incorrectly_labeled_Tensor("ArgMax:0", shape=(?,), dtype=int64) is illegal; using incorrectly_labeled_Tensor__ArgMax_0___shape_______dtype_int64_ instead.
2018-02-22 23:07:44,378:INFO: Summary name incorrectly_labeled_Tensor("ArgMax:0", shape=(?,), dtype=int64) is illegal; using incorrectly_labeled_Tensor__ArgMax_0___shape_______dtype_int64_ instead.
2018-02-22 23:07:44,515:INFO: Summary name incorrectly_labeled_Tensor("ArgMax_1:0", shape=(?,), dtype=int64) is illegal; using incorrectly_labeled_Tensor__ArgMax_1_0___shape_______dtype_int64_ instead.
2018-02-22 23:07:44,534:INFO: Summary name incorrectly_labeled_Tensor("ArgMax_1:0", shape=(?,), dtype=int64) is illegal; using incorrectly_labeled_Tensor__ArgMax_1_0___shape_______dtype_int64_ instead.
2018-02-22 23:07:44,575:INFO: Summary name incorrectly_labeled_Tensor("ArgMax_1:0", shape=(?,), dtype=int64) is illegal; using incorrectly_labeled_Tensor__ArgMax_1_0___shape_______dtype_int64_ instead.
2018-02-22 23:07:44,594:INFO: Summary name incorrectly_labeled_Tensor("ArgMax_1:0", shape=(?,), dtype=int64) is illegal; using incorrectly_labeled_Tensor__ArgMax_1_0___shape_______dtype_int64_ instead.
2018-02-22 23:07:44,613:INFO: Summary name incorrectly_labeled_Tensor("ArgMax_1:0", shape=(?,), dtype=int64) is illegal; using incorrectly_labeled_Tensor__ArgMax_1_0___shape_______dtype_int64_ instead.
2018-02-22 23:07:44,617:INFO: Starting training for 10 epoch(s)
2018-02-22 23:07:47,903:INFO: Epoch 1/10
2018-02-22 23:08:15,796:INFO: - Train metrics: loss: 1827.234 ; accuracy: 0.344
2018-02-22 23:10:21,869:INFO: Creating the datasets...
2018-02-22 23:10:22,315:INFO: Creating the model...
2018-02-22 23:10:23,443:INFO: Summary name incorrectly_labeled_Tensor("ArgMax:0", shape=(?,), dtype=int64) is illegal; using incorrectly_labeled_Tensor__ArgMax_0___shape_______dtype_int64_ instead.
2018-02-22 23:10:23,489:INFO: Summary name incorrectly_labeled_Tensor("ArgMax:0", shape=(?,), dtype=int64) is illegal; using incorrectly_labeled_Tensor__ArgMax_0___shape_______dtype_int64_ instead.
2018-02-22 23:10:23,511:INFO: Summary name incorrectly_labeled_Tensor("ArgMax:0", shape=(?,), dtype=int64) is illegal; using incorrectly_labeled_Tensor__ArgMax_0___shape_______dtype_int64_ instead.
2018-02-22 23:10:23,532:INFO: Summary name incorrectly_labeled_Tensor("ArgMax:0", shape=(?,), dtype=int64) is illegal; using incorrectly_labeled_Tensor__ArgMax_0___shape_______dtype_int64_ instead.
2018-02-22 23:10:23,566:INFO: Summary name incorrectly_labeled_Tensor("ArgMax:0", shape=(?,), dtype=int64) is illegal; using incorrectly_labeled_Tensor__ArgMax_0___shape_______dtype_int64_ instead.
2018-02-22 23:10:23,705:INFO: Summary name incorrectly_labeled_Tensor("ArgMax_1:0", shape=(?,), dtype=int64) is illegal; using incorrectly_labeled_Tensor__ArgMax_1_0___shape_______dtype_int64_ instead.
2018-02-22 23:10:23,723:INFO: Summary name incorrectly_labeled_Tensor("ArgMax_1:0", shape=(?,), dtype=int64) is illegal; using incorrectly_labeled_Tensor__ArgMax_1_0___shape_______dtype_int64_ instead.
2018-02-22 23:10:23,742:INFO: Summary name incorrectly_labeled_Tensor("ArgMax_1:0", shape=(?,), dtype=int64) is illegal; using incorrectly_labeled_Tensor__ArgMax_1_0___shape_______dtype_int64_ instead.
2018-02-22 23:10:23,783:INFO: Summary name incorrectly_labeled_Tensor("ArgMax_1:0", shape=(?,), dtype=int64) is illegal; using incorrectly_labeled_Tensor__ArgMax_1_0___shape_______dtype_int64_ instead.
2018-02-22 23:10:23,802:INFO: Summary name incorrectly_labeled_Tensor("ArgMax_1:0", shape=(?,), dtype=int64) is illegal; using incorrectly_labeled_Tensor__ArgMax_1_0___shape_______dtype_int64_ instead.
2018-02-22 23:10:23,806:INFO: Starting training for 10 epoch(s)
2018-02-22 23:10:27,081:INFO: Epoch 1/10
2018-02-22 23:10:54,611:INFO: - Train metrics: loss: 1827.234 ; accuracy: 0.344
2018-02-22 23:11:24,068:INFO: Creating the datasets...
2018-02-22 23:11:24,586:INFO: Creating the model...
2018-02-22 23:11:25,841:INFO: Summary name incorrectly_labeled_Tensor("ArgMax:0", shape=(?,), dtype=int64) is illegal; using incorrectly_labeled_Tensor__ArgMax_0___shape_______dtype_int64_ instead.
2018-02-22 23:11:25,881:INFO: Summary name incorrectly_labeled_Tensor("ArgMax:0", shape=(?,), dtype=int64) is illegal; using incorrectly_labeled_Tensor__ArgMax_0___shape_______dtype_int64_ instead.
2018-02-22 23:11:25,901:INFO: Summary name incorrectly_labeled_Tensor("ArgMax:0", shape=(?,), dtype=int64) is illegal; using incorrectly_labeled_Tensor__ArgMax_0___shape_______dtype_int64_ instead.
2018-02-22 23:11:25,922:INFO: Summary name incorrectly_labeled_Tensor("ArgMax:0", shape=(?,), dtype=int64) is illegal; using incorrectly_labeled_Tensor__ArgMax_0___shape_______dtype_int64_ instead.
2018-02-22 23:11:25,943:INFO: Summary name incorrectly_labeled_Tensor("ArgMax:0", shape=(?,), dtype=int64) is illegal; using incorrectly_labeled_Tensor__ArgMax_0___shape_______dtype_int64_ instead.
2018-02-22 23:11:26,106:INFO: Summary name incorrectly_labeled_Tensor("ArgMax_1:0", shape=(?,), dtype=int64) is illegal; using incorrectly_labeled_Tensor__ArgMax_1_0___shape_______dtype_int64_ instead.
2018-02-22 23:11:26,126:INFO: Summary name incorrectly_labeled_Tensor("ArgMax_1:0", shape=(?,), dtype=int64) is illegal; using incorrectly_labeled_Tensor__ArgMax_1_0___shape_______dtype_int64_ instead.
2018-02-22 23:11:26,166:INFO: Summary name incorrectly_labeled_Tensor("ArgMax_1:0", shape=(?,), dtype=int64) is illegal; using incorrectly_labeled_Tensor__ArgMax_1_0___shape_______dtype_int64_ instead.
2018-02-22 23:11:26,186:INFO: Summary name incorrectly_labeled_Tensor("ArgMax_1:0", shape=(?,), dtype=int64) is illegal; using incorrectly_labeled_Tensor__ArgMax_1_0___shape_______dtype_int64_ instead.
2018-02-22 23:11:26,206:INFO: Summary name incorrectly_labeled_Tensor("ArgMax_1:0", shape=(?,), dtype=int64) is illegal; using incorrectly_labeled_Tensor__ArgMax_1_0___shape_______dtype_int64_ instead.
2018-02-22 23:11:26,211:INFO: Starting training for 10 epoch(s)
2018-02-22 23:11:29,783:INFO: Epoch 1/10
2018-02-22 23:11:57,808:INFO: - Train metrics: loss: 1827.234 ; accuracy: 0.344
2018-02-22 23:17:52,308:INFO: Creating the datasets...
2018-02-22 23:17:52,754:INFO: Creating the model...
2018-02-22 23:17:53,992:INFO: Summary name incorrectly_labeled_Tensor("ArgMax:0", shape=(?,), dtype=int64) is illegal; using incorrectly_labeled_Tensor__ArgMax_0___shape_______dtype_int64_ instead.
2018-02-22 23:17:54,011:INFO: Summary name incorrectly_labeled_Tensor("ArgMax:0", shape=(?,), dtype=int64) is illegal; using incorrectly_labeled_Tensor__ArgMax_0___shape_______dtype_int64_ instead.
2018-02-22 23:17:54,030:INFO: Summary name incorrectly_labeled_Tensor("ArgMax:0", shape=(?,), dtype=int64) is illegal; using incorrectly_labeled_Tensor__ArgMax_0___shape_______dtype_int64_ instead.
2018-02-22 23:17:54,069:INFO: Summary name incorrectly_labeled_Tensor("ArgMax:0", shape=(?,), dtype=int64) is illegal; using incorrectly_labeled_Tensor__ArgMax_0___shape_______dtype_int64_ instead.
2018-02-22 23:17:54,088:INFO: Summary name incorrectly_labeled_Tensor("ArgMax:0", shape=(?,), dtype=int64) is illegal; using incorrectly_labeled_Tensor__ArgMax_0___shape_______dtype_int64_ instead.
2018-02-22 23:17:54,223:INFO: Summary name incorrectly_labeled_Tensor("ArgMax_1:0", shape=(?,), dtype=int64) is illegal; using incorrectly_labeled_Tensor__ArgMax_1_0___shape_______dtype_int64_ instead.
2018-02-22 23:17:54,244:INFO: Summary name incorrectly_labeled_Tensor("ArgMax_1:0", shape=(?,), dtype=int64) is illegal; using incorrectly_labeled_Tensor__ArgMax_1_0___shape_______dtype_int64_ instead.
2018-02-22 23:17:54,284:INFO: Summary name incorrectly_labeled_Tensor("ArgMax_1:0", shape=(?,), dtype=int64) is illegal; using incorrectly_labeled_Tensor__ArgMax_1_0___shape_______dtype_int64_ instead.
2018-02-22 23:17:54,306:INFO: Summary name incorrectly_labeled_Tensor("ArgMax_1:0", shape=(?,), dtype=int64) is illegal; using incorrectly_labeled_Tensor__ArgMax_1_0___shape_______dtype_int64_ instead.
2018-02-22 23:17:54,327:INFO: Summary name incorrectly_labeled_Tensor("ArgMax_1:0", shape=(?,), dtype=int64) is illegal; using incorrectly_labeled_Tensor__ArgMax_1_0___shape_______dtype_int64_ instead.
2018-02-22 23:17:54,331:INFO: Starting training for 10 epoch(s)
2018-02-22 23:17:57,581:INFO: Epoch 1/10
2018-02-22 23:18:25,575:INFO: - Train metrics: loss: 1827.234 ; accuracy: 0.344
2018-02-22 23:21:02,493:INFO: Creating the datasets...
2018-02-22 23:21:02,943:INFO: Creating the model...
2018-02-22 23:21:04,039:INFO: Summary name incorrectly_labeled_Tensor("ArgMax:0", shape=(?,), dtype=int64) is illegal; using incorrectly_labeled_Tensor__ArgMax_0___shape_______dtype_int64_ instead.
2018-02-22 23:21:04,077:INFO: Summary name incorrectly_labeled_Tensor("ArgMax:0", shape=(?,), dtype=int64) is illegal; using incorrectly_labeled_Tensor__ArgMax_0___shape_______dtype_int64_ instead.
2018-02-22 23:21:04,094:INFO: Summary name incorrectly_labeled_Tensor("ArgMax:0", shape=(?,), dtype=int64) is illegal; using incorrectly_labeled_Tensor__ArgMax_0___shape_______dtype_int64_ instead.
2018-02-22 23:21:04,112:INFO: Summary name incorrectly_labeled_Tensor("ArgMax:0", shape=(?,), dtype=int64) is illegal; using incorrectly_labeled_Tensor__ArgMax_0___shape_______dtype_int64_ instead.
2018-02-22 23:21:04,131:INFO: Summary name incorrectly_labeled_Tensor("ArgMax:0", shape=(?,), dtype=int64) is illegal; using incorrectly_labeled_Tensor__ArgMax_0___shape_______dtype_int64_ instead.
2018-02-22 23:21:04,277:INFO: Summary name incorrectly_labeled_Tensor("ArgMax_1:0", shape=(?,), dtype=int64) is illegal; using incorrectly_labeled_Tensor__ArgMax_1_0___shape_______dtype_int64_ instead.
2018-02-22 23:21:04,295:INFO: Summary name incorrectly_labeled_Tensor("ArgMax_1:0", shape=(?,), dtype=int64) is illegal; using incorrectly_labeled_Tensor__ArgMax_1_0___shape_______dtype_int64_ instead.
2018-02-22 23:21:04,312:INFO: Summary name incorrectly_labeled_Tensor("ArgMax_1:0", shape=(?,), dtype=int64) is illegal; using incorrectly_labeled_Tensor__ArgMax_1_0___shape_______dtype_int64_ instead.
2018-02-22 23:21:04,330:INFO: Summary name incorrectly_labeled_Tensor("ArgMax_1:0", shape=(?,), dtype=int64) is illegal; using incorrectly_labeled_Tensor__ArgMax_1_0___shape_______dtype_int64_ instead.
2018-02-22 23:21:04,366:INFO: Summary name incorrectly_labeled_Tensor("ArgMax_1:0", shape=(?,), dtype=int64) is illegal; using incorrectly_labeled_Tensor__ArgMax_1_0___shape_______dtype_int64_ instead.
2018-02-22 23:21:04,370:INFO: Starting training for 10 epoch(s)
2018-02-22 23:21:07,879:INFO: Epoch 1/10
2018-02-22 23:21:35,574:INFO: - Train metrics: loss: 1827.234 ; accuracy: 0.344
2018-02-22 23:21:36,468:INFO: - Eval metrics: loss: 119.448 ; accuracy: 0.000
2018-02-22 23:24:35,076:INFO: Creating the datasets...
2018-02-22 23:24:35,518:INFO: Creating the model...
2018-02-22 23:24:36,696:INFO: Summary name incorrectly_labeled_Tensor("ArgMax:0", shape=(?,), dtype=int64) is illegal; using incorrectly_labeled_Tensor__ArgMax_0___shape_______dtype_int64_ instead.
2018-02-22 23:24:36,715:INFO: Summary name incorrectly_labeled_Tensor("ArgMax:0", shape=(?,), dtype=int64) is illegal; using incorrectly_labeled_Tensor__ArgMax_0___shape_______dtype_int64_ instead.
2018-02-22 23:24:36,731:INFO: Summary name incorrectly_labeled_Tensor("ArgMax:0", shape=(?,), dtype=int64) is illegal; using incorrectly_labeled_Tensor__ArgMax_0___shape_______dtype_int64_ instead.
2018-02-22 23:24:36,768:INFO: Summary name incorrectly_labeled_Tensor("ArgMax:0", shape=(?,), dtype=int64) is illegal; using incorrectly_labeled_Tensor__ArgMax_0___shape_______dtype_int64_ instead.
2018-02-22 23:24:36,787:INFO: Summary name incorrectly_labeled_Tensor("ArgMax:0", shape=(?,), dtype=int64) is illegal; using incorrectly_labeled_Tensor__ArgMax_0___shape_______dtype_int64_ instead.
2018-02-22 23:24:36,933:INFO: Summary name incorrectly_labeled_Tensor("ArgMax_1:0", shape=(?,), dtype=int64) is illegal; using incorrectly_labeled_Tensor__ArgMax_1_0___shape_______dtype_int64_ instead.
2018-02-22 23:24:36,971:INFO: Summary name incorrectly_labeled_Tensor("ArgMax_1:0", shape=(?,), dtype=int64) is illegal; using incorrectly_labeled_Tensor__ArgMax_1_0___shape_______dtype_int64_ instead.
2018-02-22 23:24:36,992:INFO: Summary name incorrectly_labeled_Tensor("ArgMax_1:0", shape=(?,), dtype=int64) is illegal; using incorrectly_labeled_Tensor__ArgMax_1_0___shape_______dtype_int64_ instead.
2018-02-22 23:24:37,011:INFO: Summary name incorrectly_labeled_Tensor("ArgMax_1:0", shape=(?,), dtype=int64) is illegal; using incorrectly_labeled_Tensor__ArgMax_1_0___shape_______dtype_int64_ instead.
2018-02-22 23:24:37,028:INFO: Summary name incorrectly_labeled_Tensor("ArgMax_1:0", shape=(?,), dtype=int64) is illegal; using incorrectly_labeled_Tensor__ArgMax_1_0___shape_______dtype_int64_ instead.
2018-02-22 23:24:37,032:INFO: Starting training for 10 epoch(s)
2018-02-22 23:24:40,491:INFO: Epoch 1/10
2018-02-22 23:25:07,213:INFO: - Train metrics: loss: 1827.234 ; accuracy: 0.344
2018-02-22 23:25:08,079:INFO: - Eval metrics: loss: 119.448 ; accuracy: 0.000
2018-02-22 23:27:57,338:INFO: Creating the datasets...
2018-02-22 23:27:57,804:INFO: Creating the model...
2018-02-22 23:27:59,090:INFO: Summary name incorrectly_labeled_Tensor("ArgMax:0", shape=(?,), dtype=int64) is illegal; using incorrectly_labeled_Tensor__ArgMax_0___shape_______dtype_int64_ instead.
2018-02-22 23:27:59,109:INFO: Summary name incorrectly_labeled_Tensor("ArgMax:0", shape=(?,), dtype=int64) is illegal; using incorrectly_labeled_Tensor__ArgMax_0___shape_______dtype_int64_ instead.
2018-02-22 23:27:59,128:INFO: Summary name incorrectly_labeled_Tensor("ArgMax:0", shape=(?,), dtype=int64) is illegal; using incorrectly_labeled_Tensor__ArgMax_0___shape_______dtype_int64_ instead.
2018-02-22 23:27:59,165:INFO: Summary name incorrectly_labeled_Tensor("ArgMax:0", shape=(?,), dtype=int64) is illegal; using incorrectly_labeled_Tensor__ArgMax_0___shape_______dtype_int64_ instead.
2018-02-22 23:27:59,186:INFO: Summary name incorrectly_labeled_Tensor("ArgMax:0", shape=(?,), dtype=int64) is illegal; using incorrectly_labeled_Tensor__ArgMax_0___shape_______dtype_int64_ instead.
2018-02-22 23:27:59,324:INFO: Summary name incorrectly_labeled_Tensor("ArgMax_1:0", shape=(?,), dtype=int64) is illegal; using incorrectly_labeled_Tensor__ArgMax_1_0___shape_______dtype_int64_ instead.
2018-02-22 23:27:59,341:INFO: Summary name incorrectly_labeled_Tensor("ArgMax_1:0", shape=(?,), dtype=int64) is illegal; using incorrectly_labeled_Tensor__ArgMax_1_0___shape_______dtype_int64_ instead.
2018-02-22 23:27:59,379:INFO: Summary name incorrectly_labeled_Tensor("ArgMax_1:0", shape=(?,), dtype=int64) is illegal; using incorrectly_labeled_Tensor__ArgMax_1_0___shape_______dtype_int64_ instead.
2018-02-22 23:27:59,401:INFO: Summary name incorrectly_labeled_Tensor("ArgMax_1:0", shape=(?,), dtype=int64) is illegal; using incorrectly_labeled_Tensor__ArgMax_1_0___shape_______dtype_int64_ instead.
2018-02-22 23:27:59,420:INFO: Summary name incorrectly_labeled_Tensor("ArgMax_1:0", shape=(?,), dtype=int64) is illegal; using incorrectly_labeled_Tensor__ArgMax_1_0___shape_______dtype_int64_ instead.
2018-02-22 23:27:59,425:INFO: Starting training for 10 epoch(s)
2018-02-22 23:28:02,884:INFO: Epoch 1/10
2018-02-22 23:28:30,275:INFO: - Train metrics: loss: 1827.234 ; accuracy: 0.344
2018-02-22 23:28:31,176:INFO: - Eval metrics: loss: 119.448 ; accuracy: 0.000
2018-02-22 23:35:57,660:INFO: Creating the datasets...
2018-02-22 23:35:58,121:INFO: Creating the model...
2018-02-22 23:35:59,243:INFO: Summary name incorrectly_labeled_Tensor("argmax2:0", shape=(?,), dtype=int64) is illegal; using incorrectly_labeled_Tensor__argmax2_0___shape_______dtype_int64_ instead.
2018-02-22 23:35:59,281:INFO: Summary name incorrectly_labeled_Tensor("argmax2:0", shape=(?,), dtype=int64) is illegal; using incorrectly_labeled_Tensor__argmax2_0___shape_______dtype_int64_ instead.
2018-02-22 23:35:59,300:INFO: Summary name incorrectly_labeled_Tensor("argmax2:0", shape=(?,), dtype=int64) is illegal; using incorrectly_labeled_Tensor__argmax2_0___shape_______dtype_int64_ instead.
2018-02-22 23:35:59,318:INFO: Summary name incorrectly_labeled_Tensor("argmax2:0", shape=(?,), dtype=int64) is illegal; using incorrectly_labeled_Tensor__argmax2_0___shape_______dtype_int64_ instead.
2018-02-22 23:35:59,335:INFO: Summary name incorrectly_labeled_Tensor("argmax2:0", shape=(?,), dtype=int64) is illegal; using incorrectly_labeled_Tensor__argmax2_0___shape_______dtype_int64_ instead.
2018-02-22 23:35:59,486:INFO: Summary name incorrectly_labeled_Tensor("argmax2_1:0", shape=(?,), dtype=int64) is illegal; using incorrectly_labeled_Tensor__argmax2_1_0___shape_______dtype_int64_ instead.
2018-02-22 23:35:59,505:INFO: Summary name incorrectly_labeled_Tensor("argmax2_1:0", shape=(?,), dtype=int64) is illegal; using incorrectly_labeled_Tensor__argmax2_1_0___shape_______dtype_int64_ instead.
2018-02-22 23:35:59,523:INFO: Summary name incorrectly_labeled_Tensor("argmax2_1:0", shape=(?,), dtype=int64) is illegal; using incorrectly_labeled_Tensor__argmax2_1_0___shape_______dtype_int64_ instead.
2018-02-22 23:35:59,541:INFO: Summary name incorrectly_labeled_Tensor("argmax2_1:0", shape=(?,), dtype=int64) is illegal; using incorrectly_labeled_Tensor__argmax2_1_0___shape_______dtype_int64_ instead.
2018-02-22 23:35:59,579:INFO: Summary name incorrectly_labeled_Tensor("argmax2_1:0", shape=(?,), dtype=int64) is illegal; using incorrectly_labeled_Tensor__argmax2_1_0___shape_______dtype_int64_ instead.
2018-02-22 23:35:59,583:INFO: Starting training for 10 epoch(s)
2018-02-22 23:36:02,977:INFO: Epoch 1/10
2018-02-22 23:36:30,403:INFO: - Train metrics: loss: 1827.234 ; accuracy: 0.344
2018-02-22 23:36:31,274:INFO: - Eval metrics: loss: 119.448 ; accuracy: 0.000
2018-02-22 23:39:30,475:INFO: Creating the datasets...
2018-02-22 23:39:30,877:INFO: Creating the model...
2018-02-22 23:39:32,024:INFO: Summary name incorrectly_labeled_Tensor("ArgMax:0", shape=(?,), dtype=int64) is illegal; using incorrectly_labeled_Tensor__ArgMax_0___shape_______dtype_int64_ instead.
2018-02-22 23:39:32,041:INFO: Summary name incorrectly_labeled_Tensor("ArgMax:0", shape=(?,), dtype=int64) is illegal; using incorrectly_labeled_Tensor__ArgMax_0___shape_______dtype_int64_ instead.
2018-02-22 23:39:32,075:INFO: Summary name incorrectly_labeled_Tensor("ArgMax:0", shape=(?,), dtype=int64) is illegal; using incorrectly_labeled_Tensor__ArgMax_0___shape_______dtype_int64_ instead.
2018-02-22 23:39:32,091:INFO: Summary name incorrectly_labeled_Tensor("ArgMax:0", shape=(?,), dtype=int64) is illegal; using incorrectly_labeled_Tensor__ArgMax_0___shape_______dtype_int64_ instead.
2018-02-22 23:39:32,108:INFO: Summary name incorrectly_labeled_Tensor("ArgMax:0", shape=(?,), dtype=int64) is illegal; using incorrectly_labeled_Tensor__ArgMax_0___shape_______dtype_int64_ instead.
2018-02-22 23:39:32,227:INFO: Summary name incorrectly_labeled_Tensor("ArgMax_1:0", shape=(?,), dtype=int64) is illegal; using incorrectly_labeled_Tensor__ArgMax_1_0___shape_______dtype_int64_ instead.
2018-02-22 23:39:32,244:INFO: Summary name incorrectly_labeled_Tensor("ArgMax_1:0", shape=(?,), dtype=int64) is illegal; using incorrectly_labeled_Tensor__ArgMax_1_0___shape_______dtype_int64_ instead.
2018-02-22 23:39:32,280:INFO: Summary name incorrectly_labeled_Tensor("ArgMax_1:0", shape=(?,), dtype=int64) is illegal; using incorrectly_labeled_Tensor__ArgMax_1_0___shape_______dtype_int64_ instead.
2018-02-22 23:39:32,296:INFO: Summary name incorrectly_labeled_Tensor("ArgMax_1:0", shape=(?,), dtype=int64) is illegal; using incorrectly_labeled_Tensor__ArgMax_1_0___shape_______dtype_int64_ instead.
2018-02-22 23:39:32,313:INFO: Summary name incorrectly_labeled_Tensor("ArgMax_1:0", shape=(?,), dtype=int64) is illegal; using incorrectly_labeled_Tensor__ArgMax_1_0___shape_______dtype_int64_ instead.
2018-02-22 23:39:32,316:INFO: Starting training for 10 epoch(s)
2018-02-22 23:39:35,489:INFO: Epoch 1/10
2018-02-22 23:40:03,367:INFO: - Train metrics: loss: 1827.234 ; accuracy: 0.344
2018-02-22 23:40:04,275:INFO: - Eval metrics: loss: 119.448 ; accuracy: 0.000
2018-02-22 23:41:39,738:INFO: Creating the datasets...
2018-02-22 23:41:40,122:INFO: Creating the model...
2018-02-22 23:41:41,318:INFO: Summary name incorrectly_labeled_Tensor("ArgMax:0", shape=(?,), dtype=int64) is illegal; using incorrectly_labeled_Tensor__ArgMax_0___shape_______dtype_int64_ instead.
2018-02-22 23:41:41,337:INFO: Summary name incorrectly_labeled_Tensor("ArgMax:0", shape=(?,), dtype=int64) is illegal; using incorrectly_labeled_Tensor__ArgMax_0___shape_______dtype_int64_ instead.
2018-02-22 23:41:41,377:INFO: Summary name incorrectly_labeled_Tensor("ArgMax:0", shape=(?,), dtype=int64) is illegal; using incorrectly_labeled_Tensor__ArgMax_0___shape_______dtype_int64_ instead.
2018-02-22 23:41:41,396:INFO: Summary name incorrectly_labeled_Tensor("ArgMax:0", shape=(?,), dtype=int64) is illegal; using incorrectly_labeled_Tensor__ArgMax_0___shape_______dtype_int64_ instead.
2018-02-22 23:41:41,415:INFO: Summary name incorrectly_labeled_Tensor("ArgMax:0", shape=(?,), dtype=int64) is illegal; using incorrectly_labeled_Tensor__ArgMax_0___shape_______dtype_int64_ instead.
2018-02-22 23:41:41,571:INFO: Summary name incorrectly_labeled_Tensor("ArgMax_1:0", shape=(?,), dtype=int64) is illegal; using incorrectly_labeled_Tensor__ArgMax_1_0___shape_______dtype_int64_ instead.
2018-02-22 23:41:41,589:INFO: Summary name incorrectly_labeled_Tensor("ArgMax_1:0", shape=(?,), dtype=int64) is illegal; using incorrectly_labeled_Tensor__ArgMax_1_0___shape_______dtype_int64_ instead.
2018-02-22 23:41:41,608:INFO: Summary name incorrectly_labeled_Tensor("ArgMax_1:0", shape=(?,), dtype=int64) is illegal; using incorrectly_labeled_Tensor__ArgMax_1_0___shape_______dtype_int64_ instead.
2018-02-22 23:41:41,626:INFO: Summary name incorrectly_labeled_Tensor("ArgMax_1:0", shape=(?,), dtype=int64) is illegal; using incorrectly_labeled_Tensor__ArgMax_1_0___shape_______dtype_int64_ instead.
2018-02-22 23:41:41,645:INFO: Summary name incorrectly_labeled_Tensor("ArgMax_1:0", shape=(?,), dtype=int64) is illegal; using incorrectly_labeled_Tensor__ArgMax_1_0___shape_______dtype_int64_ instead.
2018-02-22 23:41:41,669:INFO: Starting training for 10 epoch(s)
2018-02-22 23:41:45,071:INFO: Epoch 1/10
2018-02-22 23:42:12,271:INFO: - Train metrics: loss: 1827.234 ; accuracy: 0.344
2018-02-22 23:42:13,174:INFO: - Eval metrics: loss: 119.448 ; accuracy: 0.000
2018-02-22 23:43:11,269:INFO: Creating the datasets...
2018-02-22 23:43:11,719:INFO: Creating the model...
2018-02-22 23:43:12,927:INFO: Summary name incorrectly_labeled_Tensor("ArgMax:0", shape=(?,), dtype=int64) is illegal; using incorrectly_labeled_Tensor__ArgMax_0___shape_______dtype_int64_ instead.
2018-02-22 23:43:12,945:INFO: Summary name incorrectly_labeled_Tensor("ArgMax:0", shape=(?,), dtype=int64) is illegal; using incorrectly_labeled_Tensor__ArgMax_0___shape_______dtype_int64_ instead.
2018-02-22 23:43:12,983:INFO: Summary name incorrectly_labeled_Tensor("ArgMax:0", shape=(?,), dtype=int64) is illegal; using incorrectly_labeled_Tensor__ArgMax_0___shape_______dtype_int64_ instead.
2018-02-22 23:43:13,003:INFO: Summary name incorrectly_labeled_Tensor("ArgMax:0", shape=(?,), dtype=int64) is illegal; using incorrectly_labeled_Tensor__ArgMax_0___shape_______dtype_int64_ instead.
2018-02-22 23:43:13,025:INFO: Summary name incorrectly_labeled_Tensor("ArgMax:0", shape=(?,), dtype=int64) is illegal; using incorrectly_labeled_Tensor__ArgMax_0___shape_______dtype_int64_ instead.
2018-02-22 23:43:13,192:INFO: Summary name incorrectly_labeled_Tensor("ArgMax_1:0", shape=(?,), dtype=int64) is illegal; using incorrectly_labeled_Tensor__ArgMax_1_0___shape_______dtype_int64_ instead.
2018-02-22 23:43:13,214:INFO: Summary name incorrectly_labeled_Tensor("ArgMax_1:0", shape=(?,), dtype=int64) is illegal; using incorrectly_labeled_Tensor__ArgMax_1_0___shape_______dtype_int64_ instead.
2018-02-22 23:43:13,233:INFO: Summary name incorrectly_labeled_Tensor("ArgMax_1:0", shape=(?,), dtype=int64) is illegal; using incorrectly_labeled_Tensor__ArgMax_1_0___shape_______dtype_int64_ instead.
2018-02-22 23:43:13,269:INFO: Summary name incorrectly_labeled_Tensor("ArgMax_1:0", shape=(?,), dtype=int64) is illegal; using incorrectly_labeled_Tensor__ArgMax_1_0___shape_______dtype_int64_ instead.
2018-02-22 23:43:13,291:INFO: Summary name incorrectly_labeled_Tensor("ArgMax_1:0", shape=(?,), dtype=int64) is illegal; using incorrectly_labeled_Tensor__ArgMax_1_0___shape_______dtype_int64_ instead.
2018-02-22 23:43:13,298:INFO: Starting training for 10 epoch(s)
2018-02-22 23:43:16,772:INFO: Epoch 1/10
2018-02-22 23:43:43,808:INFO: - Train metrics: loss: 1827.234 ; accuracy: 0.344
2018-02-22 23:43:44,675:INFO: - Eval metrics: loss: 119.448 ; accuracy: 0.000
2018-02-22 23:51:38,592:INFO: Creating the datasets...
2018-02-22 23:51:39,025:INFO: Creating the model...
2018-02-22 23:51:40,196:INFO: Summary name incorrectly_labeled_Tensor("ArgMax:0", shape=(?,), dtype=int64) is illegal; using incorrectly_labeled_Tensor__ArgMax_0___shape_______dtype_int64_ instead.
2018-02-22 23:51:40,215:INFO: Summary name incorrectly_labeled_Tensor("ArgMax:0", shape=(?,), dtype=int64) is illegal; using incorrectly_labeled_Tensor__ArgMax_0___shape_______dtype_int64_ instead.
2018-02-22 23:51:40,233:INFO: Summary name incorrectly_labeled_Tensor("ArgMax:0", shape=(?,), dtype=int64) is illegal; using incorrectly_labeled_Tensor__ArgMax_0___shape_______dtype_int64_ instead.
2018-02-22 23:51:40,273:INFO: Summary name incorrectly_labeled_Tensor("ArgMax:0", shape=(?,), dtype=int64) is illegal; using incorrectly_labeled_Tensor__ArgMax_0___shape_______dtype_int64_ instead.
2018-02-22 23:51:40,292:INFO: Summary name incorrectly_labeled_Tensor("ArgMax:0", shape=(?,), dtype=int64) is illegal; using incorrectly_labeled_Tensor__ArgMax_0___shape_______dtype_int64_ instead.
2018-02-22 23:51:40,423:INFO: Summary name incorrectly_labeled_Tensor("ArgMax_1:0", shape=(?,), dtype=int64) is illegal; using incorrectly_labeled_Tensor__ArgMax_1_0___shape_______dtype_int64_ instead.
2018-02-22 23:51:40,440:INFO: Summary name incorrectly_labeled_Tensor("ArgMax_1:0", shape=(?,), dtype=int64) is illegal; using incorrectly_labeled_Tensor__ArgMax_1_0___shape_______dtype_int64_ instead.
2018-02-22 23:51:40,479:INFO: Summary name incorrectly_labeled_Tensor("ArgMax_1:0", shape=(?,), dtype=int64) is illegal; using incorrectly_labeled_Tensor__ArgMax_1_0___shape_______dtype_int64_ instead.
2018-02-22 23:51:40,497:INFO: Summary name incorrectly_labeled_Tensor("ArgMax_1:0", shape=(?,), dtype=int64) is illegal; using incorrectly_labeled_Tensor__ArgMax_1_0___shape_______dtype_int64_ instead.
2018-02-22 23:51:40,515:INFO: Summary name incorrectly_labeled_Tensor("ArgMax_1:0", shape=(?,), dtype=int64) is illegal; using incorrectly_labeled_Tensor__ArgMax_1_0___shape_______dtype_int64_ instead.
2018-02-22 23:51:40,519:INFO: Starting training for 10 epoch(s)
2018-02-22 23:51:43,889:INFO: Epoch 1/10
2018-02-22 23:52:11,567:INFO: - Train metrics: loss: 1827.234 ; accuracy: 0.344
2018-02-22 23:53:17,478:INFO: Creating the datasets...
2018-02-22 23:53:17,918:INFO: Creating the model...
2018-02-22 23:53:19,122:INFO: Summary name incorrectly_labeled_Tensor("ArgMax:0", shape=(?,), dtype=int64) is illegal; using incorrectly_labeled_Tensor__ArgMax_0___shape_______dtype_int64_ instead.
2018-02-22 23:53:19,141:INFO: Summary name incorrectly_labeled_Tensor("ArgMax:0", shape=(?,), dtype=int64) is illegal; using incorrectly_labeled_Tensor__ArgMax_0___shape_______dtype_int64_ instead.
2018-02-22 23:53:19,179:INFO: Summary name incorrectly_labeled_Tensor("ArgMax:0", shape=(?,), dtype=int64) is illegal; using incorrectly_labeled_Tensor__ArgMax_0___shape_______dtype_int64_ instead.
2018-02-22 23:53:19,198:INFO: Summary name incorrectly_labeled_Tensor("ArgMax:0", shape=(?,), dtype=int64) is illegal; using incorrectly_labeled_Tensor__ArgMax_0___shape_______dtype_int64_ instead.
2018-02-22 23:53:19,217:INFO: Summary name incorrectly_labeled_Tensor("ArgMax:0", shape=(?,), dtype=int64) is illegal; using incorrectly_labeled_Tensor__ArgMax_0___shape_______dtype_int64_ instead.
2018-02-22 23:53:19,370:INFO: Summary name incorrectly_labeled_Tensor("ArgMax_1:0", shape=(?,), dtype=int64) is illegal; using incorrectly_labeled_Tensor__ArgMax_1_0___shape_______dtype_int64_ instead.
2018-02-22 23:53:19,389:INFO: Summary name incorrectly_labeled_Tensor("ArgMax_1:0", shape=(?,), dtype=int64) is illegal; using incorrectly_labeled_Tensor__ArgMax_1_0___shape_______dtype_int64_ instead.
2018-02-22 23:53:19,407:INFO: Summary name incorrectly_labeled_Tensor("ArgMax_1:0", shape=(?,), dtype=int64) is illegal; using incorrectly_labeled_Tensor__ArgMax_1_0___shape_______dtype_int64_ instead.
2018-02-22 23:53:19,425:INFO: Summary name incorrectly_labeled_Tensor("ArgMax_1:0", shape=(?,), dtype=int64) is illegal; using incorrectly_labeled_Tensor__ArgMax_1_0___shape_______dtype_int64_ instead.
2018-02-22 23:53:19,443:INFO: Summary name incorrectly_labeled_Tensor("ArgMax_1:0", shape=(?,), dtype=int64) is illegal; using incorrectly_labeled_Tensor__ArgMax_1_0___shape_______dtype_int64_ instead.
2018-02-22 23:53:19,467:INFO: Starting training for 10 epoch(s)
2018-02-22 23:53:22,781:INFO: Epoch 1/10
2018-02-22 23:53:49,769:INFO: - Train metrics: loss: 1827.234 ; accuracy: 0.344
2018-02-22 23:53:50,674:INFO: - Eval metrics: loss: 119.448 ; accuracy: 0.000
2018-02-22 23:53:51,498:INFO: - Found new best accuracy, saving in experiments/base_model/best_weights/after-epoch-1
2018-02-23 00:20:10,375:INFO: Creating the datasets...
2018-02-23 00:20:10,870:INFO: Creating the model...
2018-02-23 00:20:12,391:INFO: Starting training for 10 epoch(s)
2018-02-23 00:20:15,079:INFO: Epoch 1/10
2018-02-23 00:21:41,121:INFO: Creating the datasets...
2018-02-23 00:21:41,630:INFO: Creating the model...
2018-02-23 00:21:43,044:INFO: Starting training for 10 epoch(s)
2018-02-23 00:21:45,484:INFO: Epoch 1/10
2018-02-23 00:27:49,692:INFO: Creating the datasets...
2018-02-23 00:27:50,147:INFO: Creating the model...
2018-02-23 00:28:06,295:INFO: Starting training for 2 epoch(s)
2018-02-23 00:28:08,838:INFO: Epoch 1/2
2018-02-23 00:36:51,753:INFO: Creating the datasets...
2018-02-23 00:36:52,199:INFO: Creating the model...
2018-02-23 00:36:57,861:INFO: Starting training for 2 epoch(s)
2018-02-23 00:37:00,377:INFO: Epoch 1/2
2018-02-23 00:41:07,214:INFO: Creating the datasets...
2018-02-23 00:41:07,675:INFO: Creating the model...
2018-02-23 00:41:11,245:INFO: Starting training for 2 epoch(s)
2018-02-23 00:41:13,768:INFO: Epoch 1/2
2018-02-23 00:41:48,293:INFO: Creating the datasets...
2018-02-23 00:41:48,754:INFO: Creating the model...
2018-02-23 00:41:51,080:INFO: Starting training for 2 epoch(s)
2018-02-23 00:41:53,572:INFO: Epoch 1/2
2018-02-23 00:55:15,625:INFO: Creating the datasets...
2018-02-23 00:55:16,267:INFO: Creating the model...
2018-02-23 00:55:31,178:INFO: Starting training for 2 epoch(s)
2018-02-23 00:55:39,474:INFO: Epoch 1/2
2018-02-23 01:02:39,794:INFO: Creating the datasets...
2018-02-23 01:02:40,241:INFO: Creating the model...
2018-02-23 01:02:44,395:INFO: Starting training for 2 epoch(s)
2018-02-23 01:02:46,933:INFO: Epoch 1/2
2018-02-23 01:09:21,279:INFO: Creating the datasets...
2018-02-23 01:09:21,712:INFO: Creating the model...
2018-02-23 01:09:24,365:INFO: Starting training for 2 epoch(s)
2018-02-23 01:09:26,862:INFO: Epoch 1/2
2018-02-23 01:11:27,629:INFO: Creating the datasets...
2018-02-23 01:11:28,077:INFO: Creating the model...
2018-02-23 01:11:31,243:INFO: Starting training for 2 epoch(s)
2018-02-23 01:11:33,784:INFO: Epoch 1/2
2018-02-23 01:11:58,868:INFO: - Train metrics: loss: 1533.479 ; accuracy: 0.280
2018-02-23 01:12:40,457:INFO: Creating the datasets...
2018-02-23 01:12:40,947:INFO: Creating the model...
2018-02-23 01:12:42,751:INFO: Starting training for 2 epoch(s)
2018-02-23 01:12:45,261:INFO: Epoch 1/2
2018-02-23 01:13:09,310:INFO: - Train metrics: loss: 1533.479 ; accuracy: 0.280
2018-02-23 01:13:10,328:INFO: - Eval metrics: loss: 466.188 ; accuracy: 0.000
2018-02-23 01:13:11,256:INFO: - Found new best accuracy, saving in experiments/base_model/best_weights/after-epoch-1
2018-02-23 01:13:11,314:INFO: Epoch 2/2
2018-02-23 01:13:36,532:INFO: - Train metrics: loss: 325.645 ; accuracy: 0.366
2018-02-23 01:13:37,554:INFO: - Eval metrics: loss: 694.233 ; accuracy: 0.000
2018-02-23 01:13:38,400:INFO: - Found new best accuracy, saving in experiments/base_model/best_weights/after-epoch-2
2018-02-23 01:16:34,675:INFO: Creating the datasets...
2018-02-23 01:16:35,106:INFO: Creating the model...
2018-02-23 01:32:59,559:INFO: Creating the datasets...
2018-02-23 01:32:59,990:INFO: Creating the model...
2018-02-23 01:34:48,178:INFO: Creating the datasets...
2018-02-23 01:34:48,614:INFO: Creating the model...
2018-02-23 01:36:33,064:INFO: Creating the datasets...
2018-02-23 01:36:33,513:INFO: Creating the model...
2018-02-23 01:38:01,313:INFO: Creating the datasets...
2018-02-23 01:38:01,740:INFO: Creating the model...
2018-02-23 01:39:51,543:INFO: Creating the datasets...
2018-02-23 01:39:51,975:INFO: Creating the model...
2018-02-23 01:43:00,620:INFO: Creating the datasets...
2018-02-23 01:43:01,076:INFO: Creating the model...
2018-02-23 01:44:03,318:INFO: Creating the datasets...
2018-02-23 01:44:03,767:INFO: Creating the model...
2018-02-23 01:45:19,017:INFO: Creating the datasets...
2018-02-23 01:45:19,438:INFO: Creating the model...
2018-02-23 01:46:49,116:INFO: Creating the datasets...
2018-02-23 01:46:49,565:INFO: Creating the model...
2018-02-23 01:46:51,562:INFO: Starting training for 2 epoch(s)
2018-02-23 01:46:54,955:INFO: Epoch 1/2
2018-02-23 01:47:27,329:INFO: Creating the datasets...
2018-02-23 01:47:27,783:INFO: Creating the model...
2018-02-23 01:47:29,343:INFO: Starting training for 2 epoch(s)
2018-02-23 01:47:32,688:INFO: Epoch 1/2
2018-02-23 01:52:20,234:INFO: Creating the datasets...
2018-02-23 01:52:20,694:INFO: Creating the model...
2018-02-23 01:52:22,720:INFO: Starting training for 2 epoch(s)
2018-02-23 01:52:26,078:INFO: Epoch 1/2
2018-02-23 01:53:22,809:INFO: Creating the datasets...
2018-02-23 01:53:23,269:INFO: Creating the model...
2018-02-23 01:53:25,270:INFO: Starting training for 2 epoch(s)
2018-02-23 01:53:28,661:INFO: Epoch 1/2
